<?xml version="1.0" encoding="UTF-8"?>
<testsuite xmlns:xsi="http://www.w3.org/2001/XMLSchema-instance" xsi:noNamespaceSchemaLocation="https://maven.apache.org/surefire/maven-surefire-plugin/xsd/surefire-test-report.xsd" name="com.example.demo.TextToSpeechDemoApplicationTests" time="2.199" tests="1" errors="0" skipped="0" failures="0">
  <properties>
    <property name="gopherProxySet" value="false"/>
    <property name="awt.toolkit" value="sun.lwawt.macosx.LWCToolkit"/>
    <property name="java.specification.version" value="11"/>
    <property name="sun.cpu.isalist" value=""/>
    <property name="sun.jnu.encoding" value="UTF-8"/>
    <property name="java.class.path" value="/Users/rajanikantyadav/Documents/workspace-spring-tool-suite-4-4.13.1.RELEASE/TextToSpeechDemo/target/test-classes:/Users/rajanikantyadav/Documents/workspace-spring-tool-suite-4-4.13.1.RELEASE/TextToSpeechDemo/target/classes:/Users/rajanikantyadav/.m2/repository/org/springframework/boot/spring-boot-starter/2.7.2/spring-boot-starter-2.7.2.jar:/Users/rajanikantyadav/.m2/repository/org/springframework/boot/spring-boot/2.7.2/spring-boot-2.7.2.jar:/Users/rajanikantyadav/.m2/repository/org/springframework/spring-context/5.3.22/spring-context-5.3.22.jar:/Users/rajanikantyadav/.m2/repository/org/springframework/boot/spring-boot-autoconfigure/2.7.2/spring-boot-autoconfigure-2.7.2.jar:/Users/rajanikantyadav/.m2/repository/org/springframework/boot/spring-boot-starter-logging/2.7.2/spring-boot-starter-logging-2.7.2.jar:/Users/rajanikantyadav/.m2/repository/ch/qos/logback/logback-classic/1.2.11/logback-classic-1.2.11.jar:/Users/rajanikantyadav/.m2/repository/ch/qos/logback/logback-core/1.2.11/logback-core-1.2.11.jar:/Users/rajanikantyadav/.m2/repository/org/apache/logging/log4j/log4j-to-slf4j/2.17.2/log4j-to-slf4j-2.17.2.jar:/Users/rajanikantyadav/.m2/repository/org/apache/logging/log4j/log4j-api/2.17.2/log4j-api-2.17.2.jar:/Users/rajanikantyadav/.m2/repository/org/slf4j/jul-to-slf4j/1.7.36/jul-to-slf4j-1.7.36.jar:/Users/rajanikantyadav/.m2/repository/jakarta/annotation/jakarta.annotation-api/1.3.5/jakarta.annotation-api-1.3.5.jar:/Users/rajanikantyadav/.m2/repository/org/springframework/spring-core/5.3.22/spring-core-5.3.22.jar:/Users/rajanikantyadav/.m2/repository/org/springframework/spring-jcl/5.3.22/spring-jcl-5.3.22.jar:/Users/rajanikantyadav/.m2/repository/org/yaml/snakeyaml/1.30/snakeyaml-1.30.jar:/Users/rajanikantyadav/.m2/repository/com/google/code/gson/gson/2.9.0/gson-2.9.0.jar:/Users/rajanikantyadav/.m2/repository/io/github/palexdev/gson/2.9.0/gson-2.9.0.jar:/Users/rajanikantyadav/.m2/repository/org/springframework/boot/spring-boot-starter-web/2.7.2/spring-boot-starter-web-2.7.2.jar:/Users/rajanikantyadav/.m2/repository/org/springframework/boot/spring-boot-starter-json/2.7.2/spring-boot-starter-json-2.7.2.jar:/Users/rajanikantyadav/.m2/repository/com/fasterxml/jackson/core/jackson-databind/2.13.3/jackson-databind-2.13.3.jar:/Users/rajanikantyadav/.m2/repository/com/fasterxml/jackson/core/jackson-annotations/2.13.3/jackson-annotations-2.13.3.jar:/Users/rajanikantyadav/.m2/repository/com/fasterxml/jackson/core/jackson-core/2.13.3/jackson-core-2.13.3.jar:/Users/rajanikantyadav/.m2/repository/com/fasterxml/jackson/datatype/jackson-datatype-jdk8/2.13.3/jackson-datatype-jdk8-2.13.3.jar:/Users/rajanikantyadav/.m2/repository/com/fasterxml/jackson/datatype/jackson-datatype-jsr310/2.13.3/jackson-datatype-jsr310-2.13.3.jar:/Users/rajanikantyadav/.m2/repository/com/fasterxml/jackson/module/jackson-module-parameter-names/2.13.3/jackson-module-parameter-names-2.13.3.jar:/Users/rajanikantyadav/.m2/repository/org/springframework/boot/spring-boot-starter-tomcat/2.7.2/spring-boot-starter-tomcat-2.7.2.jar:/Users/rajanikantyadav/.m2/repository/org/apache/tomcat/embed/tomcat-embed-core/9.0.65/tomcat-embed-core-9.0.65.jar:/Users/rajanikantyadav/.m2/repository/org/apache/tomcat/embed/tomcat-embed-el/9.0.65/tomcat-embed-el-9.0.65.jar:/Users/rajanikantyadav/.m2/repository/org/apache/tomcat/embed/tomcat-embed-websocket/9.0.65/tomcat-embed-websocket-9.0.65.jar:/Users/rajanikantyadav/.m2/repository/org/springframework/spring-web/5.3.22/spring-web-5.3.22.jar:/Users/rajanikantyadav/.m2/repository/org/springframework/spring-beans/5.3.22/spring-beans-5.3.22.jar:/Users/rajanikantyadav/.m2/repository/org/springframework/spring-webmvc/5.3.22/spring-webmvc-5.3.22.jar:/Users/rajanikantyadav/.m2/repository/org/springframework/spring-aop/5.3.22/spring-aop-5.3.22.jar:/Users/rajanikantyadav/.m2/repository/org/springframework/spring-expression/5.3.22/spring-expression-5.3.22.jar:/Users/rajanikantyadav/.m2/repository/org/springframework/boot/spring-boot-starter-test/2.7.2/spring-boot-starter-test-2.7.2.jar:/Users/rajanikantyadav/.m2/repository/org/springframework/boot/spring-boot-test/2.7.2/spring-boot-test-2.7.2.jar:/Users/rajanikantyadav/.m2/repository/org/springframework/boot/spring-boot-test-autoconfigure/2.7.2/spring-boot-test-autoconfigure-2.7.2.jar:/Users/rajanikantyadav/.m2/repository/com/jayway/jsonpath/json-path/2.7.0/json-path-2.7.0.jar:/Users/rajanikantyadav/.m2/repository/net/minidev/json-smart/2.4.8/json-smart-2.4.8.jar:/Users/rajanikantyadav/.m2/repository/net/minidev/accessors-smart/2.4.8/accessors-smart-2.4.8.jar:/Users/rajanikantyadav/.m2/repository/org/ow2/asm/asm/9.1/asm-9.1.jar:/Users/rajanikantyadav/.m2/repository/org/slf4j/slf4j-api/1.7.36/slf4j-api-1.7.36.jar:/Users/rajanikantyadav/.m2/repository/jakarta/xml/bind/jakarta.xml.bind-api/2.3.3/jakarta.xml.bind-api-2.3.3.jar:/Users/rajanikantyadav/.m2/repository/jakarta/activation/jakarta.activation-api/1.2.2/jakarta.activation-api-1.2.2.jar:/Users/rajanikantyadav/.m2/repository/org/assertj/assertj-core/3.22.0/assertj-core-3.22.0.jar:/Users/rajanikantyadav/.m2/repository/org/hamcrest/hamcrest/2.2/hamcrest-2.2.jar:/Users/rajanikantyadav/.m2/repository/org/junit/jupiter/junit-jupiter/5.8.2/junit-jupiter-5.8.2.jar:/Users/rajanikantyadav/.m2/repository/org/junit/jupiter/junit-jupiter-api/5.8.2/junit-jupiter-api-5.8.2.jar:/Users/rajanikantyadav/.m2/repository/org/opentest4j/opentest4j/1.2.0/opentest4j-1.2.0.jar:/Users/rajanikantyadav/.m2/repository/org/junit/platform/junit-platform-commons/1.8.2/junit-platform-commons-1.8.2.jar:/Users/rajanikantyadav/.m2/repository/org/apiguardian/apiguardian-api/1.1.2/apiguardian-api-1.1.2.jar:/Users/rajanikantyadav/.m2/repository/org/junit/jupiter/junit-jupiter-params/5.8.2/junit-jupiter-params-5.8.2.jar:/Users/rajanikantyadav/.m2/repository/org/junit/jupiter/junit-jupiter-engine/5.8.2/junit-jupiter-engine-5.8.2.jar:/Users/rajanikantyadav/.m2/repository/org/junit/platform/junit-platform-engine/1.8.2/junit-platform-engine-1.8.2.jar:/Users/rajanikantyadav/.m2/repository/org/mockito/mockito-core/4.5.1/mockito-core-4.5.1.jar:/Users/rajanikantyadav/.m2/repository/net/bytebuddy/byte-buddy/1.12.12/byte-buddy-1.12.12.jar:/Users/rajanikantyadav/.m2/repository/net/bytebuddy/byte-buddy-agent/1.12.12/byte-buddy-agent-1.12.12.jar:/Users/rajanikantyadav/.m2/repository/org/objenesis/objenesis/3.2/objenesis-3.2.jar:/Users/rajanikantyadav/.m2/repository/org/mockito/mockito-junit-jupiter/4.5.1/mockito-junit-jupiter-4.5.1.jar:/Users/rajanikantyadav/.m2/repository/org/skyscreamer/jsonassert/1.5.1/jsonassert-1.5.1.jar:/Users/rajanikantyadav/.m2/repository/com/vaadin/external/google/android-json/0.0.20131108.vaadin1/android-json-0.0.20131108.vaadin1.jar:/Users/rajanikantyadav/.m2/repository/org/springframework/spring-test/5.3.22/spring-test-5.3.22.jar:/Users/rajanikantyadav/.m2/repository/org/xmlunit/xmlunit-core/2.9.0/xmlunit-core-2.9.0.jar:/Users/rajanikantyadav/.m2/repository/com/ibm/watson/text-to-speech/10.0.1/text-to-speech-10.0.1.jar:/Users/rajanikantyadav/.m2/repository/com/ibm/cloud/sdk-core/9.15.0/sdk-core-9.15.0.jar:/Users/rajanikantyadav/.m2/repository/com/squareup/okhttp3/okhttp/4.9.3/okhttp-4.9.3.jar:/Users/rajanikantyadav/.m2/repository/com/squareup/okio/okio/2.8.0/okio-2.8.0.jar:/Users/rajanikantyadav/.m2/repository/org/jetbrains/kotlin/kotlin-stdlib-common/1.6.21/kotlin-stdlib-common-1.6.21.jar:/Users/rajanikantyadav/.m2/repository/org/jetbrains/kotlin/kotlin-stdlib/1.6.21/kotlin-stdlib-1.6.21.jar:/Users/rajanikantyadav/.m2/repository/org/jetbrains/annotations/13.0/annotations-13.0.jar:/Users/rajanikantyadav/.m2/repository/com/squareup/okhttp3/logging-interceptor/4.9.3/logging-interceptor-4.9.3.jar:/Users/rajanikantyadav/.m2/repository/org/jetbrains/kotlin/kotlin-stdlib-jdk8/1.6.21/kotlin-stdlib-jdk8-1.6.21.jar:/Users/rajanikantyadav/.m2/repository/org/jetbrains/kotlin/kotlin-stdlib-jdk7/1.6.21/kotlin-stdlib-jdk7-1.6.21.jar:/Users/rajanikantyadav/.m2/repository/com/squareup/okhttp3/okhttp-urlconnection/4.9.3/okhttp-urlconnection-4.9.3.jar:/Users/rajanikantyadav/.m2/repository/commons-codec/commons-codec/1.15/commons-codec-1.15.jar:/Users/rajanikantyadav/.m2/repository/commons-io/commons-io/2.7/commons-io-2.7.jar:/Users/rajanikantyadav/.m2/repository/org/apache/commons/commons-lang3/3.12.0/commons-lang3-3.12.0.jar:/Users/rajanikantyadav/.m2/repository/com/google/guava/guava/30.1.1-jre/guava-30.1.1-jre.jar:/Users/rajanikantyadav/.m2/repository/com/google/guava/failureaccess/1.0.1/failureaccess-1.0.1.jar:/Users/rajanikantyadav/.m2/repository/com/google/guava/listenablefuture/9999.0-empty-to-avoid-conflict-with-guava/listenablefuture-9999.0-empty-to-avoid-conflict-with-guava.jar:/Users/rajanikantyadav/.m2/repository/com/google/code/findbugs/jsr305/3.0.2/jsr305-3.0.2.jar:/Users/rajanikantyadav/.m2/repository/org/checkerframework/checker-qual/3.8.0/checker-qual-3.8.0.jar:/Users/rajanikantyadav/.m2/repository/com/google/errorprone/error_prone_annotations/2.5.1/error_prone_annotations-2.5.1.jar:/Users/rajanikantyadav/.m2/repository/com/google/j2objc/j2objc-annotations/1.3/j2objc-annotations-1.3.jar:/Users/rajanikantyadav/.m2/repository/io/reactivex/rxjava2/rxjava/2.2.21/rxjava-2.2.21.jar:/Users/rajanikantyadav/.m2/repository/org/reactivestreams/reactive-streams/1.0.4/reactive-streams-1.0.4.jar:/Users/rajanikantyadav/.m2/repository/com/ibm/watson/common/10.0.1/common-10.0.1.jar:/Users/rajanikantyadav/.m2/repository/com/ibm/watson/ibm-watson/10.0.1/ibm-watson-10.0.1.jar:/Users/rajanikantyadav/.m2/repository/com/ibm/watson/assistant/10.0.1/assistant-10.0.1.jar:/Users/rajanikantyadav/.m2/repository/com/ibm/watson/discovery/10.0.1/discovery-10.0.1.jar:/Users/rajanikantyadav/.m2/repository/com/ibm/watson/language-translator/10.0.1/language-translator-10.0.1.jar:/Users/rajanikantyadav/.m2/repository/com/ibm/watson/natural-language-understanding/10.0.1/natural-language-understanding-10.0.1.jar:/Users/rajanikantyadav/.m2/repository/com/ibm/watson/speech-to-text/10.0.1/speech-to-text-10.0.1.jar:"/>
    <property name="java.vm.vendor" value="Homebrew"/>
    <property name="sun.arch.data.model" value="64"/>
    <property name="java.vendor.url" value="https://github.com/Homebrew/homebrew-core/issues"/>
    <property name="user.timezone" value=""/>
    <property name="java.vm.specification.version" value="11"/>
    <property name="os.name" value="Mac OS X"/>
    <property name="sun.java.launcher" value="SUN_STANDARD"/>
    <property name="user.country" value="FI"/>
    <property name="sun.boot.library.path" value="/usr/local/Cellar/openjdk@11/11.0.12/libexec/openjdk.jdk/Contents/Home/lib"/>
    <property name="sun.java.command" value="/Users/rajanikantyadav/Documents/workspace-spring-tool-suite-4-4.13.1.RELEASE/TextToSpeechDemo/target/surefire/surefirebooter11839650267043411029.jar /Users/rajanikantyadav/Documents/workspace-spring-tool-suite-4-4.13.1.RELEASE/TextToSpeechDemo/target/surefire 2022-08-10T14-02-38_749-jvmRun1 surefire3967763249779721743tmp surefire_016593453805099111444tmp"/>
    <property name="jdk.debug" value="release"/>
    <property name="surefire.test.class.path" value="/Users/rajanikantyadav/Documents/workspace-spring-tool-suite-4-4.13.1.RELEASE/TextToSpeechDemo/target/test-classes:/Users/rajanikantyadav/Documents/workspace-spring-tool-suite-4-4.13.1.RELEASE/TextToSpeechDemo/target/classes:/Users/rajanikantyadav/.m2/repository/org/springframework/boot/spring-boot-starter/2.7.2/spring-boot-starter-2.7.2.jar:/Users/rajanikantyadav/.m2/repository/org/springframework/boot/spring-boot/2.7.2/spring-boot-2.7.2.jar:/Users/rajanikantyadav/.m2/repository/org/springframework/spring-context/5.3.22/spring-context-5.3.22.jar:/Users/rajanikantyadav/.m2/repository/org/springframework/boot/spring-boot-autoconfigure/2.7.2/spring-boot-autoconfigure-2.7.2.jar:/Users/rajanikantyadav/.m2/repository/org/springframework/boot/spring-boot-starter-logging/2.7.2/spring-boot-starter-logging-2.7.2.jar:/Users/rajanikantyadav/.m2/repository/ch/qos/logback/logback-classic/1.2.11/logback-classic-1.2.11.jar:/Users/rajanikantyadav/.m2/repository/ch/qos/logback/logback-core/1.2.11/logback-core-1.2.11.jar:/Users/rajanikantyadav/.m2/repository/org/apache/logging/log4j/log4j-to-slf4j/2.17.2/log4j-to-slf4j-2.17.2.jar:/Users/rajanikantyadav/.m2/repository/org/apache/logging/log4j/log4j-api/2.17.2/log4j-api-2.17.2.jar:/Users/rajanikantyadav/.m2/repository/org/slf4j/jul-to-slf4j/1.7.36/jul-to-slf4j-1.7.36.jar:/Users/rajanikantyadav/.m2/repository/jakarta/annotation/jakarta.annotation-api/1.3.5/jakarta.annotation-api-1.3.5.jar:/Users/rajanikantyadav/.m2/repository/org/springframework/spring-core/5.3.22/spring-core-5.3.22.jar:/Users/rajanikantyadav/.m2/repository/org/springframework/spring-jcl/5.3.22/spring-jcl-5.3.22.jar:/Users/rajanikantyadav/.m2/repository/org/yaml/snakeyaml/1.30/snakeyaml-1.30.jar:/Users/rajanikantyadav/.m2/repository/com/google/code/gson/gson/2.9.0/gson-2.9.0.jar:/Users/rajanikantyadav/.m2/repository/io/github/palexdev/gson/2.9.0/gson-2.9.0.jar:/Users/rajanikantyadav/.m2/repository/org/springframework/boot/spring-boot-starter-web/2.7.2/spring-boot-starter-web-2.7.2.jar:/Users/rajanikantyadav/.m2/repository/org/springframework/boot/spring-boot-starter-json/2.7.2/spring-boot-starter-json-2.7.2.jar:/Users/rajanikantyadav/.m2/repository/com/fasterxml/jackson/core/jackson-databind/2.13.3/jackson-databind-2.13.3.jar:/Users/rajanikantyadav/.m2/repository/com/fasterxml/jackson/core/jackson-annotations/2.13.3/jackson-annotations-2.13.3.jar:/Users/rajanikantyadav/.m2/repository/com/fasterxml/jackson/core/jackson-core/2.13.3/jackson-core-2.13.3.jar:/Users/rajanikantyadav/.m2/repository/com/fasterxml/jackson/datatype/jackson-datatype-jdk8/2.13.3/jackson-datatype-jdk8-2.13.3.jar:/Users/rajanikantyadav/.m2/repository/com/fasterxml/jackson/datatype/jackson-datatype-jsr310/2.13.3/jackson-datatype-jsr310-2.13.3.jar:/Users/rajanikantyadav/.m2/repository/com/fasterxml/jackson/module/jackson-module-parameter-names/2.13.3/jackson-module-parameter-names-2.13.3.jar:/Users/rajanikantyadav/.m2/repository/org/springframework/boot/spring-boot-starter-tomcat/2.7.2/spring-boot-starter-tomcat-2.7.2.jar:/Users/rajanikantyadav/.m2/repository/org/apache/tomcat/embed/tomcat-embed-core/9.0.65/tomcat-embed-core-9.0.65.jar:/Users/rajanikantyadav/.m2/repository/org/apache/tomcat/embed/tomcat-embed-el/9.0.65/tomcat-embed-el-9.0.65.jar:/Users/rajanikantyadav/.m2/repository/org/apache/tomcat/embed/tomcat-embed-websocket/9.0.65/tomcat-embed-websocket-9.0.65.jar:/Users/rajanikantyadav/.m2/repository/org/springframework/spring-web/5.3.22/spring-web-5.3.22.jar:/Users/rajanikantyadav/.m2/repository/org/springframework/spring-beans/5.3.22/spring-beans-5.3.22.jar:/Users/rajanikantyadav/.m2/repository/org/springframework/spring-webmvc/5.3.22/spring-webmvc-5.3.22.jar:/Users/rajanikantyadav/.m2/repository/org/springframework/spring-aop/5.3.22/spring-aop-5.3.22.jar:/Users/rajanikantyadav/.m2/repository/org/springframework/spring-expression/5.3.22/spring-expression-5.3.22.jar:/Users/rajanikantyadav/.m2/repository/org/springframework/boot/spring-boot-starter-test/2.7.2/spring-boot-starter-test-2.7.2.jar:/Users/rajanikantyadav/.m2/repository/org/springframework/boot/spring-boot-test/2.7.2/spring-boot-test-2.7.2.jar:/Users/rajanikantyadav/.m2/repository/org/springframework/boot/spring-boot-test-autoconfigure/2.7.2/spring-boot-test-autoconfigure-2.7.2.jar:/Users/rajanikantyadav/.m2/repository/com/jayway/jsonpath/json-path/2.7.0/json-path-2.7.0.jar:/Users/rajanikantyadav/.m2/repository/net/minidev/json-smart/2.4.8/json-smart-2.4.8.jar:/Users/rajanikantyadav/.m2/repository/net/minidev/accessors-smart/2.4.8/accessors-smart-2.4.8.jar:/Users/rajanikantyadav/.m2/repository/org/ow2/asm/asm/9.1/asm-9.1.jar:/Users/rajanikantyadav/.m2/repository/org/slf4j/slf4j-api/1.7.36/slf4j-api-1.7.36.jar:/Users/rajanikantyadav/.m2/repository/jakarta/xml/bind/jakarta.xml.bind-api/2.3.3/jakarta.xml.bind-api-2.3.3.jar:/Users/rajanikantyadav/.m2/repository/jakarta/activation/jakarta.activation-api/1.2.2/jakarta.activation-api-1.2.2.jar:/Users/rajanikantyadav/.m2/repository/org/assertj/assertj-core/3.22.0/assertj-core-3.22.0.jar:/Users/rajanikantyadav/.m2/repository/org/hamcrest/hamcrest/2.2/hamcrest-2.2.jar:/Users/rajanikantyadav/.m2/repository/org/junit/jupiter/junit-jupiter/5.8.2/junit-jupiter-5.8.2.jar:/Users/rajanikantyadav/.m2/repository/org/junit/jupiter/junit-jupiter-api/5.8.2/junit-jupiter-api-5.8.2.jar:/Users/rajanikantyadav/.m2/repository/org/opentest4j/opentest4j/1.2.0/opentest4j-1.2.0.jar:/Users/rajanikantyadav/.m2/repository/org/junit/platform/junit-platform-commons/1.8.2/junit-platform-commons-1.8.2.jar:/Users/rajanikantyadav/.m2/repository/org/apiguardian/apiguardian-api/1.1.2/apiguardian-api-1.1.2.jar:/Users/rajanikantyadav/.m2/repository/org/junit/jupiter/junit-jupiter-params/5.8.2/junit-jupiter-params-5.8.2.jar:/Users/rajanikantyadav/.m2/repository/org/junit/jupiter/junit-jupiter-engine/5.8.2/junit-jupiter-engine-5.8.2.jar:/Users/rajanikantyadav/.m2/repository/org/junit/platform/junit-platform-engine/1.8.2/junit-platform-engine-1.8.2.jar:/Users/rajanikantyadav/.m2/repository/org/mockito/mockito-core/4.5.1/mockito-core-4.5.1.jar:/Users/rajanikantyadav/.m2/repository/net/bytebuddy/byte-buddy/1.12.12/byte-buddy-1.12.12.jar:/Users/rajanikantyadav/.m2/repository/net/bytebuddy/byte-buddy-agent/1.12.12/byte-buddy-agent-1.12.12.jar:/Users/rajanikantyadav/.m2/repository/org/objenesis/objenesis/3.2/objenesis-3.2.jar:/Users/rajanikantyadav/.m2/repository/org/mockito/mockito-junit-jupiter/4.5.1/mockito-junit-jupiter-4.5.1.jar:/Users/rajanikantyadav/.m2/repository/org/skyscreamer/jsonassert/1.5.1/jsonassert-1.5.1.jar:/Users/rajanikantyadav/.m2/repository/com/vaadin/external/google/android-json/0.0.20131108.vaadin1/android-json-0.0.20131108.vaadin1.jar:/Users/rajanikantyadav/.m2/repository/org/springframework/spring-test/5.3.22/spring-test-5.3.22.jar:/Users/rajanikantyadav/.m2/repository/org/xmlunit/xmlunit-core/2.9.0/xmlunit-core-2.9.0.jar:/Users/rajanikantyadav/.m2/repository/com/ibm/watson/text-to-speech/10.0.1/text-to-speech-10.0.1.jar:/Users/rajanikantyadav/.m2/repository/com/ibm/cloud/sdk-core/9.15.0/sdk-core-9.15.0.jar:/Users/rajanikantyadav/.m2/repository/com/squareup/okhttp3/okhttp/4.9.3/okhttp-4.9.3.jar:/Users/rajanikantyadav/.m2/repository/com/squareup/okio/okio/2.8.0/okio-2.8.0.jar:/Users/rajanikantyadav/.m2/repository/org/jetbrains/kotlin/kotlin-stdlib-common/1.6.21/kotlin-stdlib-common-1.6.21.jar:/Users/rajanikantyadav/.m2/repository/org/jetbrains/kotlin/kotlin-stdlib/1.6.21/kotlin-stdlib-1.6.21.jar:/Users/rajanikantyadav/.m2/repository/org/jetbrains/annotations/13.0/annotations-13.0.jar:/Users/rajanikantyadav/.m2/repository/com/squareup/okhttp3/logging-interceptor/4.9.3/logging-interceptor-4.9.3.jar:/Users/rajanikantyadav/.m2/repository/org/jetbrains/kotlin/kotlin-stdlib-jdk8/1.6.21/kotlin-stdlib-jdk8-1.6.21.jar:/Users/rajanikantyadav/.m2/repository/org/jetbrains/kotlin/kotlin-stdlib-jdk7/1.6.21/kotlin-stdlib-jdk7-1.6.21.jar:/Users/rajanikantyadav/.m2/repository/com/squareup/okhttp3/okhttp-urlconnection/4.9.3/okhttp-urlconnection-4.9.3.jar:/Users/rajanikantyadav/.m2/repository/commons-codec/commons-codec/1.15/commons-codec-1.15.jar:/Users/rajanikantyadav/.m2/repository/commons-io/commons-io/2.7/commons-io-2.7.jar:/Users/rajanikantyadav/.m2/repository/org/apache/commons/commons-lang3/3.12.0/commons-lang3-3.12.0.jar:/Users/rajanikantyadav/.m2/repository/com/google/guava/guava/30.1.1-jre/guava-30.1.1-jre.jar:/Users/rajanikantyadav/.m2/repository/com/google/guava/failureaccess/1.0.1/failureaccess-1.0.1.jar:/Users/rajanikantyadav/.m2/repository/com/google/guava/listenablefuture/9999.0-empty-to-avoid-conflict-with-guava/listenablefuture-9999.0-empty-to-avoid-conflict-with-guava.jar:/Users/rajanikantyadav/.m2/repository/com/google/code/findbugs/jsr305/3.0.2/jsr305-3.0.2.jar:/Users/rajanikantyadav/.m2/repository/org/checkerframework/checker-qual/3.8.0/checker-qual-3.8.0.jar:/Users/rajanikantyadav/.m2/repository/com/google/errorprone/error_prone_annotations/2.5.1/error_prone_annotations-2.5.1.jar:/Users/rajanikantyadav/.m2/repository/com/google/j2objc/j2objc-annotations/1.3/j2objc-annotations-1.3.jar:/Users/rajanikantyadav/.m2/repository/io/reactivex/rxjava2/rxjava/2.2.21/rxjava-2.2.21.jar:/Users/rajanikantyadav/.m2/repository/org/reactivestreams/reactive-streams/1.0.4/reactive-streams-1.0.4.jar:/Users/rajanikantyadav/.m2/repository/com/ibm/watson/common/10.0.1/common-10.0.1.jar:/Users/rajanikantyadav/.m2/repository/com/ibm/watson/ibm-watson/10.0.1/ibm-watson-10.0.1.jar:/Users/rajanikantyadav/.m2/repository/com/ibm/watson/assistant/10.0.1/assistant-10.0.1.jar:/Users/rajanikantyadav/.m2/repository/com/ibm/watson/discovery/10.0.1/discovery-10.0.1.jar:/Users/rajanikantyadav/.m2/repository/com/ibm/watson/language-translator/10.0.1/language-translator-10.0.1.jar:/Users/rajanikantyadav/.m2/repository/com/ibm/watson/natural-language-understanding/10.0.1/natural-language-understanding-10.0.1.jar:/Users/rajanikantyadav/.m2/repository/com/ibm/watson/speech-to-text/10.0.1/speech-to-text-10.0.1.jar:"/>
    <property name="sun.cpu.endian" value="little"/>
    <property name="user.home" value="/Users/rajanikantyadav"/>
    <property name="user.language" value="en"/>
    <property name="java.specification.vendor" value="Oracle Corporation"/>
    <property name="java.version.date" value="2021-07-20"/>
    <property name="java.home" value="/usr/local/Cellar/openjdk@11/11.0.12/libexec/openjdk.jdk/Contents/Home"/>
    <property name="file.separator" value="/"/>
    <property name="style.color" value="always"/>
    <property name="basedir" value="/Users/rajanikantyadav/Documents/workspace-spring-tool-suite-4-4.13.1.RELEASE/TextToSpeechDemo"/>
    <property name="java.vm.compressedOopsMode" value="Zero based"/>
    <property name="line.separator" value="&#10;"/>
    <property name="java.specification.name" value="Java Platform API Specification"/>
    <property name="java.vm.specification.vendor" value="Oracle Corporation"/>
    <property name="java.awt.graphicsenv" value="sun.awt.CGraphicsEnvironment"/>
    <property name="surefire.real.class.path" value="/Users/rajanikantyadav/Documents/workspace-spring-tool-suite-4-4.13.1.RELEASE/TextToSpeechDemo/target/surefire/surefirebooter11839650267043411029.jar"/>
    <property name="sun.management.compiler" value="HotSpot 64-Bit Tiered Compilers"/>
    <property name="java.runtime.version" value="11.0.12+0"/>
    <property name="user.name" value="rajanikantyadav"/>
    <property name="path.separator" value=":"/>
    <property name="os.version" value="12.4"/>
    <property name="java.runtime.name" value="OpenJDK Runtime Environment"/>
    <property name="file.encoding" value="UTF-8"/>
    <property name="java.vm.name" value="OpenJDK 64-Bit Server VM"/>
    <property name="java.vendor.version" value="Homebrew"/>
    <property name="localRepository" value="/Users/rajanikantyadav/.m2/repository"/>
    <property name="java.vendor.url.bug" value="https://github.com/Homebrew/homebrew-core/issues"/>
    <property name="java.io.tmpdir" value="/var/folders/3f/cpy4lpqn7jvbsc8wlczzz1sr0000gn/T/"/>
    <property name="java.version" value="11.0.12"/>
    <property name="user.dir" value="/Users/rajanikantyadav/Documents/workspace-spring-tool-suite-4-4.13.1.RELEASE/TextToSpeechDemo"/>
    <property name="os.arch" value="x86_64"/>
    <property name="java.vm.specification.name" value="Java Virtual Machine Specification"/>
    <property name="java.awt.printerjob" value="sun.lwawt.macosx.CPrinterJob"/>
    <property name="sun.os.patch.level" value="unknown"/>
    <property name="java.library.path" value="/Users/rajanikantyadav/Library/Java/Extensions:/Library/Java/Extensions:/Network/Library/Java/Extensions:/System/Library/Java/Extensions:/usr/lib/java:."/>
    <property name="java.vm.info" value="mixed mode"/>
    <property name="java.vendor" value="Homebrew"/>
    <property name="java.vm.version" value="11.0.12+0"/>
    <property name="sun.io.unicode.encoding" value="UnicodeBig"/>
    <property name="java.class.version" value="55.0"/>
  </properties>
  <testcase name="contextLoads" classname="com.example.demo.TextToSpeechDemoApplicationTests" time="0.275"/>
</testsuite>